2024-01-02 00:00:41,890,ERROR,Failed to load module 'PaymentProcessor'.
2024-01-02 00:00:42,123,INFO,New firmware version detected.
2024-01-02 00:00:43,456,INFO,User 'kevin_l' updated shipping address.
2024-01-02 00:00:44,789,DEBUG,HTTP POST request to /api/orders.
2024-01-02 00:00:45,012,WARNING,Data inconsistency detected in 'User' table.
2024-01-02 00:00:46,345,INFO,Service 'NotificationService' started.
2024-01-02 00:00:47,678,ERROR,Insufficient funds for transaction ID: 56789.
2024-01-02 00:00:48,901,INFO,Asset 'image_1.jpg' uploaded successfully.
2024-01-02 00:00:49,234,DEBUG,Function 'process_image' execution time: 150ms.
2024-01-02 00:00:50,567,WARNING,Potential SQL injection attempt detected from 1.2.3.4.
2024-01-02 00:00:51,890,INFO,Firewall rule updated.
2024-01-02 00:00:52,123,INFO,User 'linda_m' viewed product ID: 6789.
2024-01-02 00:00:53,456,ERROR,JSON parsing error in request body.
2024-01-02 00:00:54,789,INFO,Gateway 'SMS_Gateway' reconnected.
2024-01-02 00:00:55,012,DEBUG,Cookie 'session_id' set.
2024-01-02 00:00:56,345,WARNING,Certificate chain verification failed.
2024-01-02 00:00:57,678,INFO,Queue 'AuditLog' has 500 messages pending.
2024-01-02 00:00:58,901,ERROR,Remote server closed connection unexpectedly.
2024-01-02 00:00:59,234,INFO,Data integrity check initiated.
2024-01-03 00:00:00,567,INFO,User 'mike_n' subscribed to newsletter.
2024-01-03 00:00:01,890,DEBUG,Resolving DNS for 'api.example.com'.
2024-01-03 00:00:02,123,WARNING,Network latency detected for external calls.
2024-01-03 00:00:03,456,INFO,New software update available.
2024-01-03 00:00:04,789,ERROR,Service 'ElasticSearch' is unreachable.
2024-01-03 00:00:05,012,INFO,User 'nancy_o' logged in from 192.168.1.15.
2024-01-03 00:00:06,345,INFO,Report 'MonthlySales' generated successfully.
2024-01-03 00:00:07,678,DEBUG,Received POST data: {"name": "Test Item"}.
2024-01-03 00:00:08,901,WARNING,Deprecated API endpoint '/v1/users' accessed.
2024-01-03 00:00:09,234,INFO,Application uptime: 2 days.
2024-01-03 00:00:10,567,ERROR,Access denied for user 'guest_user' to resource '/data/sensitive'.
2024-01-03 00:00:11,890,INFO,Database replication lag: 5 seconds.
2024-01-03 00:00:12,123,INFO,User 'olivia_p' purchased 'Widget A'.
2024-01-03 00:00:13,456,DEBUG,Cache eviction policy executed.
2024-01-03 00:00:14,789,WARNING,Unrecognized configuration option 'strict_mode'.
2024-01-03 00:00:15,012,ERROR,Connection pool exhausted for 'UserService'.
2024-01-03 00:00:16,345,INFO,System resource monitoring started.
2024-01-03 00:00:17,678,INFO,User 'peter_q' logged out.
2024-01-03 00:00:18,901,DEBUG,Encrypting data before storage.
2024-01-03 00:00:19,234,WARNING,Large file transfer failed checksum verification.
2024-01-03 00:00:20,567,INFO,Service 'SearchIndex' reindexed.
2024-01-03 00:00:21,890,ERROR,Invalid XML format in response from 'partner_api'.
2024-01-03 00:00:22,123,INFO,User 'quinn_r' requested password reset link.
2024-01-03 00:00:23,456,INFO,Health check passed for all microservices.
2024-01-03 00:00:24,789,DEBUG,Performing data sanitization.
2024-01-03 00:00:25,012,WARNING,High number of retries for API call to 'ExternalService'.
2024-01-03 00:00:26,345,INFO,Database backup to cloud storage complete.
2024-01-03 00:00:27,678,ERROR,Disk I/O error on device '/dev/sda1'.
2024-01-03 00:00:28,901,INFO,User 'rachel_s' confirmed email address.
2024-01-03 00:00:29,234,DEBUG,Method 'process_payment' invoked.
2024-01-03 00:00:30,567,WARNING,Potential XSS vulnerability detected in user input.
2024-01-03 00:00:31,890,INFO,Message queue 'Orders' has 0 messages.
2024-01-03 00:00:32,123,ERROR,Certificate has expired for 'secure.example.com'.
2024-01-03 00:00:33,456,INFO,User 'steve_t' added review for product 'Book X'.
2024-01-03 00:00:34,789,INFO,Application heartbeat: OK.
2024-01-03 00:00:35,012,DEBUG,Resolving external dependencies.
2024-01-03 00:00:36,345,WARNING,Thread pool starvation detected in 'WorkerService'.
2024-01-03 00:00:37,678,INFO,System alert: CPU usage at 95%, triggering auto-scaling.
2024-01-03 00:00:38,901,ERROR,Service 'RecommendationEngine' returned 404 Not Found.
2024-01-03 00:00:39,234,INFO,User 'tina_u' updated password.
2024-01-03 00:00:40,567,DEBUG,Building response for client.
2024-01-03 00:00:41,890,WARNING,Uncommitted transactions found in database.
2024-01-03 00:00:42,123,INFO,Scheduled task 'DataPurge' completed.
2024-01-03 00:00:43,456,ERROR,Network error: Host unreachable.
2024-01-03 00:00:44,789,INFO,User 'uma_v' logged in using SSO.
2024-01-03 00:00:45,012,INFO,Application version: 3.0.0.
2024-01-03 00:00:46,345,DEBUG,Validating form fields.
2024-01-03 00:00:47,678,WARNING,Slow query detected: 'SELECT * FROM orders WHERE status='pending'' took 5000ms.
2024-01-03 00:00:48,901,INFO,New message posted to 'AdminChannel'.
2024-01-03 00:00:49,234,ERROR,Invalid credentials for 'SFTP_server'.
2024-01-03 00:00:50,567,INFO,User 'victor_w' requested product refund.
2024-01-03 00:00:51,890,INFO,System load average: 0.5, 0.7, 0.6.
2024-01-03 00:00:52,123,DEBUG,Data marshaled to JSON.
2024-01-03 00:00:53,456,WARNING,Service 'EmailService' queue is backing up.
2024-01-03 00:00:54,789,INFO,Background worker 'InvoiceGenerator' completed.
2024-01-03 00:00:55,012,ERROR,Memory limit exceeded for process 'ImageConverter'.
2024-01-03 00:00:56,345,INFO,User 'wendy_x' activated new feature.
2024-01-03 00:00:57,678,INFO,Database index 'idx_users_email' created.
2024-01-03 00:00:58,901,DEBUG,Accessing remote file: 'sftp://backup/data.zip'.
2024-01-03 00:00:59,234,WARNING,Inconsistent data found in 'UserPreferences' for user ID: 123.
2024-01-04 00:00:00,567,INFO,Application shutdown initiated.
2024-01-04 00:00:01,890,INFO,All services gracefully stopped.
2024-01-04 00:00:02,123,ERROR,Could not unmount file system '/mnt/share'.
2024-01-04 00:00:03,456,INFO,Server restarted after update.
2024-01-04 00:00:04,789,DEBUG,Connecting to message broker.
2024-01-04 00:00:05,012,WARNING,CPU temperature exceeding threshold: 85C.
2024-01-04 00:00:06,345,INFO,New user 'xenia_y' registered.
2024-01-04 00:00:07,678,ERROR,Failed to send heartbeat to cluster manager.
2024-01-04 00:00:08,901,INFO,User 'yara_z' updated their profile.
2024-01-04 00:00:09,234,DEBUG,Processing webhook event.
2024-01-04 00:00:10,567,WARNING,Disk quota exceeded for user 'developer'.
2024-01-04 00:00:11,890,INFO,Scheduled report 'DailySummary' completed.
2024-01-04 00:00:12,123,ERROR,Database connection lost during query execution.
2024-01-04 00:00:13,456,INFO,User 'zach_a' logged in successfully.
2024-01-04 00:00:14,789,INFO,Service 'AssetManager' started.
2024-01-04 00:00:15,012,DEBUG,Applying security policies.
2024-01-04 00:00:16,345,WARNING,API key 'XYZ123' is nearly expired.
2024-01-04 00:00:17,678,INFO,Background job 'DataCleanup' processed 1000 records.
2024-01-04 00:00:18,901,ERROR,Permission denied: unable to write to '/etc/app/config.ini'.
2024-01-04 00:00:19,234,INFO,User 'alex_b' added 3 items to cart.
2024-01-04 00:00:20,277,INFO,User 'vamshi' added 5 items to cart.