2024-01-09 00:00:19,234,INFO,User 'fiona_f' logged out.
2024-01-09 00:00:20,567,INFO,Security log: Successful login from 'mobile_device_id'.
2024-01-09 00:00:21,890,DEBUG,Initializing network connection.
2024-01-09 00:00:22,123,WARNING,External API 'PricingService' returned 400 Bad Request.
2024-01-09 00:00:23,456,INFO,New user 'greg_g' signed up.
2024-01-09 00:00:24,789,ERROR,Network timeout while connecting to 'payment_gateway'.
2024-01-09 00:00:25,012,INFO,Service 'Scheduler' resumed operations.
2024-01-09 00:00:26,345,INFO,User 'helen_h' reset her password.
2024-01-09 00:00:27,678,DEBUG,Querying database for user data.
2024-01-09 00:00:28,901,WARNING,Too many database connections from application server.
2024-01-09 00:00:29,234,INFO,Automated test 'SmokeTest' passed.
2024-01-09 00:00:30,567,ERROR,Disk write error: Insufficient space.
2024-01-09 00:00:31,890,INFO,User 'ian_i' updated subscription.
2024-01-09 00:00:32,123,INFO,Application uptime: 8 days.
2024-01-09 00:00:33,456,DEBUG,Reading system properties.
2024-01-09 00:00:34,789,WARNING,Potential for race condition in 'ShoppingCart' logic.
2024-01-09 00:00:35,012,ERROR,Critical service 'Authentication' is unresponsive.
2024-01-09 00:00:36,345,INFO,User 'julia_j' viewed product page.
2024-01-09 00:00:37,678,INFO,Cron job 'DailyDatabaseMaintenance' completed.
2024-01-09 00:00:38,901,DEBUG,Validating request headers.
2024-01-09 00:00:39,234,WARNING,Unparsed environment variable 'SECRET_KEY_DEV'.
2024-01-09 00:00:40,567,ERROR,Connection pool exhausted for 'ReportingService'.
2024-01-09 00:00:41,890,INFO,User 'karen_k' reported an issue.
2024-01-09 00:00:42,123,INFO,System health: Memory okay, CPU elevated.
2024-01-09 00:00:43,456,DEBUG,Logging API response status.
2024-01-09 00:00:44,789,WARNING,Certificate 'ClientCert' is untrusted.
2024-01-09 00:00:45,012,ERROR,Permission denied to execute binary 'app_script.sh'.
2024-01-09 00:00:46,345,INFO,User 'leo_l' logged in from 10.0.0.100.
2024-01-09 00:00:47,678,INFO,Service 'DataProcessor' finished processing.
2024-01-09 00:00:48,901,DEBUG,Querying external data source.
2024-01-09 00:00:49,234,WARNING,Response time for '/search' is 1.5s, exceeding threshold.
2024-01-09 00:00:50,567,ERROR,Invalid input format for 'XML_parser'.
2024-01-09 00:00:51,890,INFO,User 'maya_m' purchased product 'Gadget B'.
2024-01-09 00:00:52,123,INFO,New security event: 'Brute force attack detected'.
2024-01-09 00:00:53,456,DEBUG,Parsing URL parameters.
2024-01-09 00:00:54,789,WARNING,Database connection pool is nearly full.
2024-01-09 00:00:55,012,ERROR,Application crashed due to segmentation fault.
2024-01-09 00:00:56,345,INFO,User 'nathan_n' logged out.
2024-01-09 00:00:57,678,INFO,System backup to 'NAS_Server' initiated.
2024-01-09 00:00:58,901,DEBUG,Flushing logs to disk.
2024-01-09 00:00:59,234,WARNING,External API 'WeatherService' returned 500 Internal Server Error.
2024-01-10 00:00:00,567,INFO,Application started successfully.
2024-01-10 00:00:01,890,INFO,User 'olivia_o' logged in from 192.168.1.5.
2024-01-10 00:00:02,123,DEBUG,Database connection pool initialized.
2024-01-10 00:00:03,456,INFO,Processing batch job 'DailyReports'.
2024-01-10 00:00:04,789,WARNING,Low disk space on /var/log, 15% remaining.
2024-01-10 00:00:05,012,ERROR,Failed to connect to external API: Connection refused.
2024-01-10 00:00:06,345,INFO,Data synchronization started for 'ProductCatalog'.
2024-01-10 00:00:07,678,INFO,User 'peter_p' logged out.
2024-01-10 00:00:08,901,DEBUG,Cache hit for key 'product_123'.
2024-01-10 00:00:09,234,INFO,Email notification sent to 'admin@example.com'.
2024-01-10 00:00:10,567,WARNING,Deprecated function 'old_parser' used in module 'data_processor'.
2024-01-10 00:00:11,890,ERROR,NullPointerException in 'UserManager.getUserById(id=null)'.
2024-01-10 00:00:12,123,INFO,Scheduled task 'HourlyBackup' completed.
2024-01-10 00:00:13,456,INFO,API request received from 203.0.113.10 for /api/v1/status.
2024-01-10 00:00:14,789,DEBUG,Processing user input: 'search term'.
2024-01-10 00:00:15,012,WARNING,Failed login attempt for user 'guest' from 10.0.0.5.
2024-01-10 00:00:16,345,INFO,Configuration reloaded from 'config.yaml'.
2024-01-10 00:00:17,678,INFO,Service 'PaymentGateway' responded in 250ms.
2024-01-10 00:00:18,901,ERROR,File 'users.csv' not found in data directory.
2024-01-10 00:00:19,234,INFO,Health check successful for database service.
2024-01-10 00:00:20,567,DEBUG,Session created for user ID: 7890.
2024-01-10 00:00:21,890,INFO,Generating report 'SalesSummary_Q1'.
2024-01-10 00:00:22,123,WARNING,High CPU usage detected: 85%.
2024-01-10 00:00:23,456,INFO,Resource allocated: Memory=512MB.
2024-01-10 00:00:24,789,ERROR,Database write error: Duplicate key entry for 'order_id_54321'.
2024-01-10 00:00:25,012,INFO,Security audit log: access granted to 'system_admin'.
2024-01-10 00:00:26,345,DEBUG,Query executed: SELECT * FROM products LIMIT 10.
2024-01-10 00:00:27,678,INFO,Notification queue processed: 10 messages.
2024-01-10 00:00:28,901,WARNING,Incompatible library version found: 'libxml2.so.6'.
2024-01-10 00:00:29,234,ERROR,Network timeout while fetching data from 'thirdparty.com'.
2024-01-10 00:00:30,567,INFO,User 'quinn_q' updated profile information.
2024-01-10 00:00:31,890,INFO,Starting web server on port 8080.
2024-01-10 00:00:32,123,DEBUG,Request body parsed successfully.
2024-01-10 00:00:33,456,INFO,Background task 'CleanupOldFiles' started.
2024-01-10 00:00:34,789,WARNING,Certificate 'SSL_Cert_Prod' expires in 45 days.
2024-01-10 00:00:35,012,ERROR,Critical service 'AuthService' is down.
2024-01-10 00:00:36,345,INFO,Metrics collected for 'CPU_Load'.
2024-01-10 00:00:37,678,INFO,Transaction ID 98765 committed successfully.
2024-01-10 00:00:38,901,DEBUG,Route matched: /users/{id}.
2024-01-10 00:00:39,234,INFO,Deployment 'v2.1.0' completed.
2024-01-10 00:00:40,567,WARNING,Unhandled exception in 'ImageProcessor', but continuing.
2024-01-10 00:00:41,890,ERROR,Memory allocation failed for 1GB buffer.
2024-01-10 00:00:42,123,INFO,User 'rachel_r' changed password.
2024-01-10 00:00:43,456,INFO,System uptime: 9 days.
2024-01-10 00:00:44,789,DEBUG,Data received from client: 1024 bytes.
2024-01-10 00:00:45,012,WARNING,Potential deadlock detected in 'TransactionManager'.
2024-01-10 00:00:46,345,INFO,Audit log: file 'configuration.json' modified by 'deploy_user'.
2024-01-10 00:00:47,678,INFO,Data validation passed for input form.
2024-01-10 00:00:48,901,ERROR,Invalid argument 'count' provided to function 'paginate'.
2024-01-10 00:00:49,234,INFO,Backup to S3 bucket 'my-app-backups' initiated.
2024-01-10 00:00:50,567,INFO,Monitoring agent connected.
2024-01-10 00:00:51,890,DEBUG,Parsed request headers: {'User-Agent': 'Mozilla/5.0'}.
2024-01-10 00:00:52,123,WARNING,Response time for /data/large is 2.5s, exceeding threshold.
2024-01-10 00:00:53,456,INFO,New session established for guest user.
2024-01-10 00:00:54,789,ERROR,Disk full error while writing to '/data/output.tmp'.
2024-01-10 00:00:55,012,INFO,Configuration parameter 'feature_flag_X' enabled.
2024-01-10 00:00:56,345,INFO,User 'sam_s' viewed product ID: 5555.
2024-01-10 00:00:57,678,DEBUG,SQL query prepared: INSERT INTO logs VALUES (...).
2024-01-10 00:00:58,901,WARNING,External service 'AnalyticsAPI' returned status 503.