2024-01-01 00:00:01,001,INFO,Application started successfully.
2024-01-01 00:00:02,123,INFO,User 'john_doe' logged in from 192.168.1.5.
2024-01-01 00:00:03,456,DEBUG,Database connection pool initialized.
2024-01-01 00:00:04,789,INFO,Processing batch job 'DailyReports'.
2024-01-01 00:00:05,012,WARNING,Low disk space on /var/log, 15% remaining.
2024-01-01 00:00:06,345,ERROR,Failed to connect to external API: Connection refused.
2024-01-01 00:00:07,678,INFO,Data synchronization started for 'ProductCatalog'.
2024-01-01 00:00:08,901,INFO,User 'jane_smith' logged out.
2024-01-01 00:00:09,234,DEBUG,Cache hit for key 'product_123'.
2024-01-01 00:00:10,567,INFO,Email notification sent to 'admin@example.com'.
2024-01-01 00:00:11,890,WARNING,Deprecated function 'old_parser' used in module 'data_processor'.
2024-01-01 00:00:12,123,ERROR,NullPointerException in 'UserManager.getUserById(id=null)'.
2024-01-01 00:00:13,456,INFO,Scheduled task 'HourlyBackup' completed.
2024-01-01 00:00:14,789,INFO,API request received from 203.0.113.10 for /api/v1/status.
2024-01-01 00:00:15,012,DEBUG,Processing user input: 'search term'.
2024-01-01 00:00:16,345,WARNING,Failed login attempt for user 'guest' from 10.0.0.5.
2024-01-01 00:00:17,678,INFO,Configuration reloaded from 'config.yaml'.
2024-01-01 00:00:18,901,INFO,Service 'PaymentGateway' responded in 250ms.
2024-01-01 00:00:19,234,ERROR,File 'users.csv' not found in data directory.
2024-01-01 00:00:20,567,INFO,Health check successful for database service.
2024-01-01 00:00:21,890,DEBUG,Session created for user ID: 7890.
2024-01-01 00:00:22,123,INFO,Generating report 'SalesSummary_Q1'.
2024-01-01 00:00:23,456,WARNING,High CPU usage detected: 85%.
2024-01-01 00:00:24,789,INFO,Resource allocated: Memory=512MB.
2024-01-01 00:00:25,012,ERROR,Database write error: Duplicate key entry for 'order_id_54321'.
2024-01-01 00:00:26,345,INFO,Security audit log: access granted to 'system_admin'.
2024-01-01 00:00:27,678,DEBUG,Query executed: SELECT * FROM products LIMIT 10.
2024-01-01 00:00:28,901,INFO,Notification queue processed: 10 messages.
2024-01-01 00:00:29,234,WARNING,Incompatible library version found: 'libxml2.so.6'.
2024-01-01 00:00:30,567,ERROR,Network timeout while fetching data from 'thirdparty.com'.
2024-01-01 00:00:31,890,INFO,User 'alice_g' updated profile information.
2024-01-01 00:00:32,123,INFO,Starting web server on port 8080.
2024-01-01 00:00:33,456,DEBUG,Request body parsed successfully.
2024-01-01 00:00:34,789,INFO,Background task 'CleanupOldFiles' started.
2024-01-01 00:00:35,012,WARNING,Certificate 'SSL_Cert_Prod' expires in 45 days.
2024-01-01 00:00:36,345,ERROR,Critical service 'AuthService' is down.
2024-01-01 00:00:37,678,INFO,Metrics collected for 'CPU_Load'.
2024-01-01 00:00:38,901,INFO,Transaction ID 98765 committed successfully.
2024-01-01 00:00:39,234,DEBUG,Route matched: /users/{id}.
2024-01-01 00:00:40,567,INFO,Deployment 'v2.1.0' completed.
2024-01-01 00:00:41,890,WARNING,Unhandled exception in 'ImageProcessor', but continuing.
2024-01-01 00:00:42,123,ERROR,Memory allocation failed for 1GB buffer.
2024-01-01 00:00:43,456,INFO,User 'bob_m' changed password.
2024-01-01 00:00:44,789,INFO,System uptime: 12 hours.
2024-01-01 00:00:45,012,DEBUG,Data received from client: 1024 bytes.
2024-01-01 00:00:46,345,WARNING,Potential deadlock detected in 'TransactionManager'.
2024-01-01 00:00:47,678,INFO,Audit log: file 'configuration.json' modified by 'deploy_user'.
2024-01-01 00:00:48,901,INFO,Data validation passed for input form.
2024-01-01 00:00:49,234,ERROR,Invalid argument 'count' provided to function 'paginate'.
2024-01-01 00:00:50,567,INFO,Backup to S3 bucket 'my-app-backups' initiated.
2024-01-01 00:00:51,890,INFO,Monitoring agent connected.
2024-01-01 00:00:52,123,DEBUG,Parsed request headers: {'User-Agent': 'Mozilla/5.0'}.
2024-01-01 00:00:53,456,WARNING,Response time for /data/large is 2.5s, exceeding threshold.
2024-01-01 00:00:54,789,INFO,New session established for guest user.
2024-01-01 00:00:55,012,ERROR,Disk full error while writing to '/data/output.tmp'.
2024-01-01 00:00:56,345,INFO,Configuration parameter 'feature_flag_X' enabled.
2024-01-01 00:00:57,678,INFO,User 'charlie_d' viewed product ID: 5555.
2024-01-01 00:00:58,901,DEBUG,SQL query prepared: INSERT INTO logs VALUES (...).
2024-01-01 00:00:59,234,WARNING,External service 'AnalyticsAPI' returned status 503.
2024-01-02 00:00:00,567,INFO,Daily maintenance script executed.
2024-01-02 00:00:01,890,INFO,Authentication token refreshed for 'service_account'.
2024-01-02 00:00:02,123,ERROR,Unresolvable host 'database-replica.internal'.
2024-01-02 00:00:03,456,INFO,User 'eve_f' updated preferences.
2024-01-02 00:00:04,789,DEBUG,Function 'calculate_checksum' completed in 10ms.
2024-01-02 00:00:05,012,WARNING,Insufficient permissions for user 'reporter' on resource '/admin/logs'.
2024-01-02 00:00:06,345,INFO,New message received in queue 'notifications'.
2024-01-02 00:00:07,678,INFO,Cache invalidated for 'all_users'.
2024-01-02 00:00:08,901,ERROR,Index out of bounds exception in 'ArraySorter'.
2024-01-02 00:00:09,234,INFO,Session timeout for user ID: 12345.
2024-01-02 00:00:10,567,DEBUG,Raw request body: {"action": "update", "data": {...}}.
2024-01-02 00:00:11,890,WARNING,Connection reset by peer for client 172.16.0.1.
2024-01-02 00:00:12,123,INFO,Data export to 'export_20240102.csv' initiated.
2024-01-02 00:00:13,456,ERROR,Configuration error: 'database_port' is missing.
2024-01-02 00:00:14,789,INFO,Process 'WorkerPool-01' started.
2024-01-02 00:00:15,012,DEBUG,Authenticating request with JWT token.
2024-01-02 00:00:16,345,WARNING,Too many open files detected.
2024-01-02 00:00:17,678,INFO,User 'frank_g' added item to cart: 'Laptop X'.
2024-01-02 00:00:18,901,INFO,Load balancer reports healthy backend.
2024-01-02 00:00:19,234,ERROR,Runtime error: Division by zero in 'CalculatorService'.
2024-01-02 00:00:20,567,INFO,Disk cleanup completed, 5GB freed.
2024-01-02 00:00:21,890,DEBUG,Response headers: {'Content-Type': 'application/json'}.
2024-01-02 00:00:22,123,WARNING,External dependency 'reporting-service' is slow.
2024-01-02 00:00:23,456,INFO,New user registration: 'grace_h'.
2024-01-02 00:00:24,789,INFO,Event 'UserLoggedIn' published to message queue.
2024-01-02 00:00:25,012,ERROR,SSL handshake failed with 'payment-api.com'.
2024-01-02 00:00:26,345,INFO,System reboot initiated by 'sys_admin'.
2024-01-02 00:00:27,678,DEBUG,Deserializing object of type 'UserProfile'.
2024-01-02 00:00:28,901,INFO,Cron job 'SyncData' ran successfully.
2024-01-02 00:00:29,234,WARNING,Unable to acquire lock for resource 'resource_A'.
2024-01-02 00:00:30,567,ERROR,File system read error on '/mnt/data/archive'.
2024-01-02 00:00:31,890,INFO,Client 'mobile_app' connected.
2024-01-02 00:00:32,123,INFO,Batch processing for 'FinancialTransactions' completed.
2024-01-02 00:00:33,456,DEBUG,Logging level set to INFO.
2024-01-02 00:00:34,789,INFO,User 'harry_i' placed order #10001.
2024-01-02 00:00:35,012,WARNING,Excessive memory usage by process ID 12345 (2GB).
2024-01-02 00:00:36,345,ERROR,Database deadlock detected, transaction rolled back.
2024-01-02 00:00:37,678,INFO,User 'isabel_j' reset password.
2024-01-02 00:00:38,901,INFO,Report 'InventoryStatus' generated.
2024-01-02 00:00:39,234,DEBUG,API endpoint '/status' called.
2024-01-02 00:00:40,567,WARNING,Outgoing email server is unreachable.